{
  "RSpec": {
    "coverage": {
      "/Users/craigweston/casino-facebook_authenticator/lib/casino-facebook_authenticator.rb": [
        1,
        1,
        null,
        1,
        1,
        null,
        null
      ],
      "/Users/craigweston/casino-facebook_authenticator/lib/casino/facebook_authenticator.rb": [
        1,
        1,
        1,
        null,
        1,
        null,
        1,
        1,
        null,
        null,
        null,
        1,
        19,
        1,
        null,
        18,
        null,
        null,
        18,
        17,
        null,
        17,
        17,
        null,
        null,
        17,
        0,
        null,
        0,
        0,
        0,
        null,
        null,
        0,
        0,
        null,
        null,
        null,
        17,
        16,
        null,
        null,
        16,
        15,
        null,
        15,
        14,
        null,
        14,
        null,
        null,
        1,
        5,
        5,
        5,
        null,
        0,
        null,
        null,
        1,
        null,
        null,
        1,
        0,
        null,
        null,
        1,
        0,
        null,
        null,
        1,
        1,
        17,
        16,
        16,
        16,
        null,
        16,
        null,
        17,
        17,
        null,
        null,
        null,
        null,
        null,
        null,
        17,
        17,
        17,
        null,
        null,
        1,
        5,
        5,
        4,
        3,
        null,
        null,
        1,
        3,
        null,
        null,
        1,
        0,
        0,
        0,
        0,
        0,
        0,
        0,
        null,
        null,
        null,
        null,
        1,
        4,
        4,
        0,
        0,
        0,
        null,
        0,
        null,
        0,
        0,
        null,
        4,
        null,
        null,
        null,
        1,
        3,
        null,
        3,
        3,
        null,
        null,
        3,
        3,
        3,
        3,
        null,
        null,
        3,
        null,
        null,
        1,
        0,
        null,
        null,
        1,
        3,
        null,
        null,
        1,
        3,
        null,
        null,
        1,
        9,
        null,
        null,
        null
      ]
    },
    "timestamp": 1427431267
  }
}
