{
  "RSpec": {
    "coverage": {
      "/Users/craigweston/casino-facebook_authenticator/lib/casino-facebook_authenticator.rb": [
        1,
        1,
        null,
        1,
        1,
        null,
        null
      ],
      "/Users/craigweston/casino-facebook_authenticator/lib/casino/facebook_authenticator.rb": [
        1,
        1,
        1,
        null,
        1,
        null,
        1,
        1,
        null,
        null,
        null,
        1,
        61,
        3,
        null,
        58,
        null,
        null,
        58,
        55,
        null,
        55,
        55,
        null,
        null,
        55,
        28,
        null,
        28,
        13,
        13,
        null,
        null,
        28,
        26,
        null,
        null,
        null,
        53,
        50,
        null,
        null,
        50,
        47,
        null,
        47,
        44,
        null,
        44,
        null,
        null,
        null,
        null,
        1,
        15,
        15,
        15,
        null,
        0,
        null,
        null,
        3,
        null,
        null,
        1,
        0,
        null,
        null,
        1,
        0,
        null,
        null,
        1,
        1,
        83,
        80,
        80,
        80,
        null,
        80,
        null,
        83,
        83,
        null,
        null,
        null,
        null,
        null,
        null,
        83,
        83,
        83,
        null,
        null,
        1,
        15,
        15,
        12,
        9,
        null,
        null,
        1,
        9,
        null,
        null,
        1,
        0,
        0,
        0,
        0,
        0,
        0,
        0,
        null,
        null,
        null,
        null,
        1,
        12,
        12,
        8,
        8,
        4,
        null,
        4,
        null,
        6,
        6,
        null,
        4,
        null,
        null,
        null,
        1,
        9,
        null,
        9,
        9,
        null,
        null,
        9,
        9,
        9,
        9,
        null,
        null,
        9,
        null,
        null,
        1,
        0,
        null,
        null,
        1,
        9,
        null,
        null,
        1,
        9,
        null,
        null,
        1,
        27,
        null,
        null,
        null
      ]
    },
    "timestamp": 1427643307
  }
}
